<?xml version="1.0" encoding="UTF-8"?>
<!-- Generated by org.testng.reporters.JUnitReportReporter -->
<testsuite hostname="DESKTOP-9HU6DH7" failures="0" tests="1" name="com.herokuapp.theinternet.PositiveTest" time="59.513" errors="0" timestamp="2024-10-15T11:09:26 PDT" skipped="0">
  <testcase classname="com.herokuapp.theinternet.PositiveTest" name="loginTest" time="59.513"/>
</testsuite> <!-- com.herokuapp.theinternet.PositiveTest -->
